[35m[1mConsolidate compiler generated dependencies of target image_processing[0m
[ 50%] [32mBuilding CXX object CMakeFiles/image_processing.dir/src/image_processing.cpp.o[0m
[01m[K/home/arthur/ros2_ws/src/camera_pkg/src/image_processing.cpp:[m[K In member function â€˜[01m[Kvoid ImageProcessingNode::get_ball_position()[m[Kâ€™:
[01m[K/home/arthur/ros2_ws/src/camera_pkg/src/image_processing.cpp:67:13:[m[K [01;35m[Kwarning: [m[Kunused variable â€˜[01m[Kball_depth_aux[m[Kâ€™ [[01;35m[K]8;;https://gcc.gnu.org/onlinedocs/gcc/Warning-Options.html#index-Wunused-variable-Wunused-variable]8;;[m[K]
   67 |       float [01;35m[Kball_depth_aux[m[K;
      |             [01;35m[K^~~~~~~~~~~~~~[m[K
In file included from [01m[K/opt/ros/humble/include/rclcpp/rclcpp/logging.hpp:24[m[K,
                 from [01m[K/opt/ros/humble/include/rclcpp/rclcpp/client.hpp:40[m[K,
                 from [01m[K/opt/ros/humble/include/rclcpp/rclcpp/callback_group.hpp:24[m[K,
                 from [01m[K/opt/ros/humble/include/rclcpp/rclcpp/any_executable.hpp:20[m[K,
                 from [01m[K/opt/ros/humble/include/rclcpp/rclcpp/memory_strategy.hpp:25[m[K,
                 from [01m[K/opt/ros/humble/include/rclcpp/rclcpp/memory_strategies.hpp:18[m[K,
                 from [01m[K/opt/ros/humble/include/rclcpp/rclcpp/executor_options.hpp:20[m[K,
                 from [01m[K/opt/ros/humble/include/rclcpp/rclcpp/executor.hpp:37[m[K,
                 from [01m[K/opt/ros/humble/include/rclcpp/rclcpp/executors/multi_threaded_executor.hpp:25[m[K,
                 from [01m[K/opt/ros/humble/include/rclcpp/rclcpp/executors.hpp:21[m[K,
                 from [01m[K/opt/ros/humble/include/rclcpp/rclcpp/rclcpp.hpp:155[m[K,
                 from [01m[K/home/arthur/ros2_ws/src/camera_pkg/src/image_processing.cpp:1[m[K:
[01m[K/home/arthur/ros2_ws/src/camera_pkg/src/image_processing.cpp:[m[K In member function â€˜[01m[Kvoid ImageProcessingNode::get_center_depth()[m[Kâ€™:
[01m[K/home/arthur/ros2_ws/src/camera_pkg/src/image_processing.cpp:117:63:[m[K [01;31m[Kerror: [m[Kâ€˜[01m[Kflaot[m[Kâ€™ was not declared in this scope; did you mean â€˜[01m[Kfloat[m[Kâ€™?
  117 |         RCLCPP_INFO(this->get_logger(),"Dist ball: %f",0.001*([01;31m[Kflaot[m[K)ball_depth_aux);
      |                                                               [01;31m[K^~~~~[m[K
[01m[K/home/arthur/ros2_ws/src/camera_pkg/src/image_processing.cpp:116:13:[m[K [01;35m[Kwarning: [m[Kunused variable â€˜[01m[Kball_depth_aux[m[Kâ€™ [[01;35m[K]8;;https://gcc.gnu.org/onlinedocs/gcc/Warning-Options.html#index-Wunused-variable-Wunused-variable]8;;[m[K]
  116 |         int [01;35m[Kball_depth_aux[m[K = cv_ptr_depth->image.at<u_int16_t>(c[1],c[0]);
      |             [01;35m[K^~~~~~~~~~~~~~[m[K
gmake[2]: *** [CMakeFiles/image_processing.dir/build.make:76: CMakeFiles/image_processing.dir/src/image_processing.cpp.o] Error 1
gmake[1]: *** [CMakeFiles/Makefile2:137: CMakeFiles/image_processing.dir/all] Error 2
gmake: *** [Makefile:146: all] Error 2
