-- Found ament_cmake: 1.3.5 (/opt/ros/humble/share/ament_cmake/cmake)
-- Found rclcpp: 16.0.6 (/opt/ros/humble/share/rclcpp/cmake)
-- Found rosidl_generator_c: 3.1.5 (/opt/ros/humble/share/rosidl_generator_c/cmake)
-- Found rosidl_adapter: 3.1.5 (/opt/ros/humble/share/rosidl_adapter/cmake)
-- Found rosidl_generator_cpp: 3.1.5 (/opt/ros/humble/share/rosidl_generator_cpp/cmake)
-- Using all available rosidl_typesupport_c: rosidl_typesupport_fastrtps_c;rosidl_typesupport_introspection_c
-- Using all available rosidl_typesupport_cpp: rosidl_typesupport_fastrtps_cpp;rosidl_typesupport_introspection_cpp
-- Found rmw_implementation_cmake: 6.1.1 (/opt/ros/humble/share/rmw_implementation_cmake/cmake)
-- Found rmw_fastrtps_cpp: 6.2.4 (/opt/ros/humble/share/rmw_fastrtps_cpp/cmake)
-- Using RMW implementation 'rmw_fastrtps_cpp' as default
-- Found sensor_msgs: 4.2.3 (/opt/ros/humble/share/sensor_msgs/cmake)
-- Found cv_bridge: 3.2.1 (/opt/ros/humble/share/cv_bridge/cmake)
-- Found image_transport: 3.1.7 (/opt/ros/humble/share/image_transport/cmake)
-- Configuring done
-- Generating done
-- Build files have been written to: /home/arthur/ros2_ws/build/camera_pkg
[35m[1mConsolidate compiler generated dependencies of target image_processing[0m
[ 50%] [32m[1mLinking CXX executable image_processing[0m
/usr/bin/ld: CMakeFiles/image_processing.dir/src/image_processing.cpp.o: in function `rs2::error::error(rs2_error*)':
image_processing.cpp:(.text._ZN3rs25errorC2EP9rs2_error[_ZN3rs25errorC5EP9rs2_error]+0x32): undefined reference to `rs2_get_error_message'
/usr/bin/ld: image_processing.cpp:(.text._ZN3rs25errorC2EP9rs2_error[_ZN3rs25errorC5EP9rs2_error]+0x77): undefined reference to `rs2_get_failed_function'
/usr/bin/ld: image_processing.cpp:(.text._ZN3rs25errorC2EP9rs2_error[_ZN3rs25errorC5EP9rs2_error]+0x9e): undefined reference to `rs2_get_failed_function'
/usr/bin/ld: image_processing.cpp:(.text._ZN3rs25errorC2EP9rs2_error[_ZN3rs25errorC5EP9rs2_error]+0x101): undefined reference to `rs2_get_failed_args'
/usr/bin/ld: image_processing.cpp:(.text._ZN3rs25errorC2EP9rs2_error[_ZN3rs25errorC5EP9rs2_error]+0x128): undefined reference to `rs2_get_failed_args'
/usr/bin/ld: image_processing.cpp:(.text._ZN3rs25errorC2EP9rs2_error[_ZN3rs25errorC5EP9rs2_error]+0x18b): undefined reference to `rs2_get_librealsense_exception_type'
/usr/bin/ld: image_processing.cpp:(.text._ZN3rs25errorC2EP9rs2_error[_ZN3rs25errorC5EP9rs2_error]+0x19e): undefined reference to `rs2_free_error'
/usr/bin/ld: CMakeFiles/image_processing.dir/src/image_processing.cpp.o: in function `rs2::error::handle(rs2_error*)':
image_processing.cpp:(.text._ZN3rs25error6handleEP9rs2_error[_ZN3rs25error6handleEP9rs2_error]+0x26): undefined reference to `rs2_get_librealsense_exception_type'
/usr/bin/ld: CMakeFiles/image_processing.dir/src/image_processing.cpp.o: in function `rs2::context::context()':
image_processing.cpp:(.text._ZN3rs27contextC2Ev[_ZN3rs27contextC5Ev]+0x41): undefined reference to `rs2_create_context'
/usr/bin/ld: image_processing.cpp:(.text._ZN3rs27contextC2Ev[_ZN3rs27contextC5Ev]+0x4f): undefined reference to `rs2_delete_context'
/usr/bin/ld: CMakeFiles/image_processing.dir/src/image_processing.cpp.o: in function `rs2::pipeline::pipeline(rs2::context)':
image_processing.cpp:(.text._ZN3rs28pipelineC2ENS_7contextE[_ZN3rs28pipelineC5ENS_7contextE]+0x52): undefined reference to `rs2_create_pipeline'
/usr/bin/ld: image_processing.cpp:(.text._ZN3rs28pipelineC2ENS_7contextE[_ZN3rs28pipelineC5ENS_7contextE]+0x60): undefined reference to `rs2_delete_pipeline'
collect2: error: ld returned 1 exit status
gmake[2]: *** [CMakeFiles/image_processing.dir/build.make:232: image_processing] Error 1
gmake[1]: *** [CMakeFiles/Makefile2:137: CMakeFiles/image_processing.dir/all] Error 2
gmake: *** [Makefile:146: all] Error 2
