[0.072s] Invoking command in '/home/arthur/ros2_ws/build/camera_pkg': CMAKE_PREFIX_PATH=${CMAKE_PREFIX_PATH}:/home/arthur/ros2_ws/install/my_py_pkg:/opt/ros/humble /usr/bin/cmake --build /home/arthur/ros2_ws/build/camera_pkg -- -j4 -l4
[0.098s] -- Found ament_cmake: 1.3.5 (/opt/ros/humble/share/ament_cmake/cmake)
[0.252s] -- Found rclcpp: 16.0.6 (/opt/ros/humble/share/rclcpp/cmake)
[0.283s] -- Found rosidl_generator_c: 3.1.5 (/opt/ros/humble/share/rosidl_generator_c/cmake)
[0.285s] -- Found rosidl_adapter: 3.1.5 (/opt/ros/humble/share/rosidl_adapter/cmake)
[0.292s] -- Found rosidl_generator_cpp: 3.1.5 (/opt/ros/humble/share/rosidl_generator_cpp/cmake)
[0.304s] -- Using all available rosidl_typesupport_c: rosidl_typesupport_fastrtps_c;rosidl_typesupport_introspection_c
[0.323s] -- Using all available rosidl_typesupport_cpp: rosidl_typesupport_fastrtps_cpp;rosidl_typesupport_introspection_cpp
[0.389s] -- Found rmw_implementation_cmake: 6.1.1 (/opt/ros/humble/share/rmw_implementation_cmake/cmake)
[0.391s] -- Found rmw_fastrtps_cpp: 6.2.4 (/opt/ros/humble/share/rmw_fastrtps_cpp/cmake)
[0.516s] -- Using RMW implementation 'rmw_fastrtps_cpp' as default
[0.696s] -- Found sensor_msgs: 4.2.3 (/opt/ros/humble/share/sensor_msgs/cmake)
[0.841s] -- Found cv_bridge: 3.2.1 (/opt/ros/humble/share/cv_bridge/cmake)
[0.856s] -- Found image_transport: 3.1.7 (/opt/ros/humble/share/image_transport/cmake)
[0.974s] -- Configuring done
[0.989s] -- Generating done
[0.991s] -- Build files have been written to: /home/arthur/ros2_ws/build/camera_pkg
[1.019s] [35m[1mConsolidate compiler generated dependencies of target image_processing[0m
[1.042s] [ 50%] [32m[1mLinking CXX executable image_processing[0m
[1.188s] /usr/bin/ld: CMakeFiles/image_processing.dir/src/image_processing.cpp.o: in function `rs2::error::error(rs2_error*)':
[1.188s] image_processing.cpp:(.text._ZN3rs25errorC2EP9rs2_error[_ZN3rs25errorC5EP9rs2_error]+0x32): undefined reference to `rs2_get_error_message'
[1.188s] /usr/bin/ld: image_processing.cpp:(.text._ZN3rs25errorC2EP9rs2_error[_ZN3rs25errorC5EP9rs2_error]+0x77): undefined reference to `rs2_get_failed_function'
[1.188s] /usr/bin/ld: image_processing.cpp:(.text._ZN3rs25errorC2EP9rs2_error[_ZN3rs25errorC5EP9rs2_error]+0x9e): undefined reference to `rs2_get_failed_function'
[1.188s] /usr/bin/ld: image_processing.cpp:(.text._ZN3rs25errorC2EP9rs2_error[_ZN3rs25errorC5EP9rs2_error]+0x101): undefined reference to `rs2_get_failed_args'
[1.188s] /usr/bin/ld: image_processing.cpp:(.text._ZN3rs25errorC2EP9rs2_error[_ZN3rs25errorC5EP9rs2_error]+0x128): undefined reference to `rs2_get_failed_args'
[1.188s] /usr/bin/ld: image_processing.cpp:(.text._ZN3rs25errorC2EP9rs2_error[_ZN3rs25errorC5EP9rs2_error]+0x18b): undefined reference to `rs2_get_librealsense_exception_type'
[1.188s] /usr/bin/ld: image_processing.cpp:(.text._ZN3rs25errorC2EP9rs2_error[_ZN3rs25errorC5EP9rs2_error]+0x19e): undefined reference to `rs2_free_error'
[1.188s] /usr/bin/ld: CMakeFiles/image_processing.dir/src/image_processing.cpp.o: in function `rs2::error::handle(rs2_error*)':
[1.188s] image_processing.cpp:(.text._ZN3rs25error6handleEP9rs2_error[_ZN3rs25error6handleEP9rs2_error]+0x26): undefined reference to `rs2_get_librealsense_exception_type'
[1.188s] /usr/bin/ld: CMakeFiles/image_processing.dir/src/image_processing.cpp.o: in function `rs2::context::context()':
[1.188s] image_processing.cpp:(.text._ZN3rs27contextC2Ev[_ZN3rs27contextC5Ev]+0x41): undefined reference to `rs2_create_context'
[1.189s] /usr/bin/ld: image_processing.cpp:(.text._ZN3rs27contextC2Ev[_ZN3rs27contextC5Ev]+0x4f): undefined reference to `rs2_delete_context'
[1.189s] /usr/bin/ld: CMakeFiles/image_processing.dir/src/image_processing.cpp.o: in function `rs2::pipeline::pipeline(rs2::context)':
[1.189s] image_processing.cpp:(.text._ZN3rs28pipelineC2ENS_7contextE[_ZN3rs28pipelineC5ENS_7contextE]+0x52): undefined reference to `rs2_create_pipeline'
[1.189s] /usr/bin/ld: image_processing.cpp:(.text._ZN3rs28pipelineC2ENS_7contextE[_ZN3rs28pipelineC5ENS_7contextE]+0x60): undefined reference to `rs2_delete_pipeline'
[1.197s] collect2: error: ld returned 1 exit status
[1.199s] gmake[2]: *** [CMakeFiles/image_processing.dir/build.make:232: image_processing] Error 1
[1.199s] gmake[1]: *** [CMakeFiles/Makefile2:137: CMakeFiles/image_processing.dir/all] Error 2
[1.199s] gmake: *** [Makefile:146: all] Error 2
[1.201s] Invoked command in '/home/arthur/ros2_ws/build/camera_pkg' returned '2': CMAKE_PREFIX_PATH=${CMAKE_PREFIX_PATH}:/home/arthur/ros2_ws/install/my_py_pkg:/opt/ros/humble /usr/bin/cmake --build /home/arthur/ros2_ws/build/camera_pkg -- -j4 -l4
